<?xml version="1.0" encoding="UTF-8"?>
<!-- Generated by org.testng.reporters.JUnitXMLReporter -->
<testsuite ignored="6" hostname="ENDAUTOPkMcmZY0" failures="0" tests="4" name="Surefire test" time="22.121" errors="0" timestamp="2025-06-20T12:56:03 EEST">
  <testcase classname="com.demoqa.tests.AlertsTests" name="allAlerts" time="5.645"/>
  <testcase classname="com.demoqa.tests.BrowserWindowsTabsTests" name="browserWindowsTabsTests" time="0.712"/>
  <testcase classname="com.demoqa.tests.FormsTests" name="allForms" time="2.638"/>
  <testcase classname="com.demoqa.tests.FramesTests" name="framesTests" time="0.379"/>
  <testcase classname="com.demoqa.base.Hooks" name="@BeforeSuite initialiseTestReport" time="0.0">
    <ignored/>
  </testcase> <!-- @BeforeSuite initialiseTestReport -->
  <testcase classname="com.demoqa.base.Hooks" name="@AfterSuite generateConsolidatedLogs" time="0.0">
    <ignored/>
  </testcase> <!-- @AfterSuite generateConsolidatedLogs -->
  <testcase classname="com.demoqa.base.Hooks" name="@BeforeSuite initialiseTestReport" time="0.0">
    <ignored/>
  </testcase> <!-- @BeforeSuite initialiseTestReport -->
  <testcase classname="com.demoqa.base.Hooks" name="@AfterSuite generateConsolidatedLogs" time="0.0">
    <ignored/>
  </testcase> <!-- @AfterSuite generateConsolidatedLogs -->
  <testcase classname="com.demoqa.base.Hooks" name="@AfterSuite generateConsolidatedLogs" time="0.0">
    <ignored/>
  </testcase> <!-- @AfterSuite generateConsolidatedLogs -->
  <testcase classname="com.demoqa.base.Hooks" name="@BeforeSuite initialiseTestReport" time="0.0">
    <ignored/>
  </testcase> <!-- @BeforeSuite initialiseTestReport -->
</testsuite> <!-- Surefire test -->
