<?xml version="1.0" encoding="UTF-8"?>
<testng-results ignored="0" total="1" passed="1" failed="0" skipped="0">
  <reporter-output>
  </reporter-output>
  <suite started-at="2025-05-19T13:00:11 EEST" name="SmokeSuite" finished-at="2025-05-19T13:00:21 EEST" duration-ms="9883">
    <groups>
    </groups>
    <test started-at="2025-05-19T13:00:11 EEST" name="SmokeTests" finished-at="2025-05-19T13:00:21 EEST" duration-ms="9883">
      <class name="com.demoqa.tests.AlertsTests">
        <test-method is-config="true" signature="setUp()[pri:0, instance:com.demoqa.tests.AlertsTests@2ddc8ecb]" started-at="2025-05-19T13:00:11 EEST" name="setUp" finished-at="2025-05-19T13:00:15 EEST" duration-ms="4045" status="PASS">
          <reporter-output>
          </reporter-output>
        </test-method> <!-- setUp -->
        <test-method signature="allAlerts()[pri:0, instance:com.demoqa.tests.AlertsTests@2ddc8ecb]" started-at="2025-05-19T13:00:15 EEST" name="allAlerts" finished-at="2025-05-19T13:00:21 EEST" duration-ms="5806" status="PASS">
          <reporter-output>
          </reporter-output>
        </test-method> <!-- allAlerts -->
      </class> <!-- com.demoqa.tests.AlertsTests -->
    </test> <!-- SmokeTests -->
  </suite> <!-- SmokeSuite -->
</testng-results>
